  Source.cpp
C:\Users\simti\Desktop\AN 3 SEM 1\POO\proiectGIT\ProiectPOO\ScriereBinara.h(36,1): warning C4267: 'initializing': conversion from 'size_t' to 'int', possible loss of data
C:\Users\simti\Desktop\AN 3 SEM 1\POO\proiectGIT\ProiectPOO\ScriereBinara.h(54,1): warning C4267: 'initializing': conversion from 'size_t' to 'int', possible loss of data
C:\Users\simti\Desktop\AN 3 SEM 1\POO\proiectGIT\ProiectPOO\ScriereBinara.h(55,1): warning C4267: 'initializing': conversion from 'size_t' to 'int', possible loss of data
C:\Users\simti\Desktop\AN 3 SEM 1\POO\proiectGIT\ProiectPOO\BazaDeDate.h(53,1): warning C4267: '=': conversion from 'size_t' to 'int', possible loss of data
C:\Users\simti\Desktop\AN 3 SEM 1\POO\proiectGIT\ProiectPOO\BazaDeDate.h(74,1): warning C4267: '=': conversion from 'size_t' to 'int', possible loss of data
C:\Users\simti\Desktop\AN 3 SEM 1\POO\proiectGIT\ProiectPOO\BazaDeDate.h(99,1): warning C4267: '=': conversion from 'size_t' to 'int', possible loss of data
C:\Users\simti\Desktop\AN 3 SEM 1\POO\proiectGIT\ProiectPOO\BazaDeDate.h(127,1): warning C4267: 'initializing': conversion from 'size_t' to 'int', possible loss of data
C:\Users\simti\Desktop\AN 3 SEM 1\POO\proiectGIT\ProiectPOO\BazaDeDate.h(128,1): warning C4267: 'initializing': conversion from 'size_t' to 'int', possible loss of data
C:\Users\simti\Desktop\AN 3 SEM 1\POO\proiectGIT\ProiectPOO\BazaDeDate.h(146,1): warning C4267: '=': conversion from 'size_t' to 'int', possible loss of data
C:\Users\simti\Desktop\AN 3 SEM 1\POO\proiectGIT\ProiectPOO\BazaDeDate.h(194,1): warning C4267: '=': conversion from 'size_t' to 'int', possible loss of data
C:\Users\simti\Desktop\AN 3 SEM 1\POO\proiectGIT\ProiectPOO\BazaDeDate.h(221,1): warning C4267: '=': conversion from 'size_t' to 'int', possible loss of data
C:\Users\simti\Desktop\AN 3 SEM 1\POO\proiectGIT\ProiectPOO\BazaDeDate.h(242,1): warning C4267: 'initializing': conversion from 'size_t' to 'int', possible loss of data
C:\Users\simti\Desktop\AN 3 SEM 1\POO\proiectGIT\ProiectPOO\BazaDeDate.h(243,1): warning C4267: 'initializing': conversion from 'size_t' to 'int', possible loss of data
C:\Users\simti\Desktop\AN 3 SEM 1\POO\proiectGIT\ProiectPOO\BazaDeDate.h(293,1): warning C4267: 'initializing': conversion from 'size_t' to 'int', possible loss of data
C:\Users\simti\Desktop\AN 3 SEM 1\POO\proiectGIT\ProiectPOO\BazaDeDate.h(309,1): warning C4267: '=': conversion from 'size_t' to 'int', possible loss of data
C:\Users\simti\Desktop\AN 3 SEM 1\POO\proiectGIT\ProiectPOO\BazaDeDate.h(405,1): warning C4267: 'initializing': conversion from 'size_t' to 'int', possible loss of data
C:\Users\simti\Desktop\AN 3 SEM 1\POO\proiectGIT\ProiectPOO\BazaDeDate.h(411,1): warning C4267: '=': conversion from 'size_t' to 'int', possible loss of data
C:\Users\simti\Desktop\AN 3 SEM 1\POO\proiectGIT\ProiectPOO\BazaDeDate.h(454,1): warning C4267: '=': conversion from 'size_t' to 'int', possible loss of data
C:\Users\simti\Desktop\AN 3 SEM 1\POO\proiectGIT\ProiectPOO\BazaDeDate.h(479,1): warning C4267: 'initializing': conversion from 'size_t' to 'int', possible loss of data
C:\Users\simti\Desktop\AN 3 SEM 1\POO\proiectGIT\ProiectPOO\BazaDeDate.h(491,22): warning C4244: 'initializing': conversion from '__int64' to 'int', possible loss of data
C:\Users\simti\Desktop\AN 3 SEM 1\POO\proiectGIT\ProiectPOO\BazaDeDate.h(505,1): warning C4267: 'initializing': conversion from 'size_t' to 'int', possible loss of data
C:\Users\simti\Desktop\AN 3 SEM 1\POO\proiectGIT\ProiectPOO\BazaDeDate.h(522,1): warning C4267: '=': conversion from 'size_t' to 'int', possible loss of data
C:\Users\simti\Desktop\AN 3 SEM 1\POO\proiectGIT\ProiectPOO\BazaDeDate.h(545,23): warning C4244: 'initializing': conversion from '__int64' to 'int', possible loss of data
C:\Users\simti\Desktop\AN 3 SEM 1\POO\proiectGIT\ProiectPOO\BazaDeDate.h(610,1): warning C4267: 'initializing': conversion from 'size_t' to 'int', possible loss of data
C:\Users\simti\Desktop\AN 3 SEM 1\POO\proiectGIT\ProiectPOO\BazaDeDate.h(625,1): warning C4267: '=': conversion from 'size_t' to 'int', possible loss of data
C:\Users\simti\Desktop\AN 3 SEM 1\POO\proiectGIT\ProiectPOO\BazaDeDate.h(633,1): warning C4267: 'initializing': conversion from 'size_t' to 'int', possible loss of data
C:\Users\simti\Desktop\AN 3 SEM 1\POO\proiectGIT\ProiectPOO\BazaDeDate.h(642,1): warning C4267: '=': conversion from 'size_t' to 'int', possible loss of data
C:\Users\simti\Desktop\AN 3 SEM 1\POO\proiectGIT\ProiectPOO\BazaDeDate.h(671,1): warning C4267: '=': conversion from 'size_t' to 'int', possible loss of data
C:\Users\simti\Desktop\AN 3 SEM 1\POO\proiectGIT\ProiectPOO\BazaDeDate.h(756,1): warning C4267: 'initializing': conversion from 'size_t' to 'int', possible loss of data
C:\Users\simti\Desktop\AN 3 SEM 1\POO\proiectGIT\ProiectPOO\BazaDeDate.h(761,1): warning C4267: '=': conversion from 'size_t' to 'int', possible loss of data
C:\Users\simti\Desktop\AN 3 SEM 1\POO\proiectGIT\ProiectPOO\BazaDeDate.h(766,1): warning C4267: '=': conversion from 'size_t' to 'int', possible loss of data
C:\Users\simti\Desktop\AN 3 SEM 1\POO\proiectGIT\ProiectPOO\BazaDeDate.h(769,1): warning C4267: '=': conversion from 'size_t' to 'int', possible loss of data
C:\Users\simti\Desktop\AN 3 SEM 1\POO\proiectGIT\ProiectPOO\BazaDeDate.h(773,1): warning C4267: '=': conversion from 'size_t' to 'int', possible loss of data
C:\Users\simti\Desktop\AN 3 SEM 1\POO\proiectGIT\ProiectPOO\BazaDeDate.h(778,1): warning C4267: '=': conversion from 'size_t' to 'int', possible loss of data
C:\Users\simti\Desktop\AN 3 SEM 1\POO\proiectGIT\ProiectPOO\BazaDeDate.h(781,1): warning C4267: '=': conversion from 'size_t' to 'int', possible loss of data
C:\Users\simti\Desktop\AN 3 SEM 1\POO\proiectGIT\ProiectPOO\BazaDeDate.h(795,1): warning C4267: 'initializing': conversion from 'size_t' to 'int', possible loss of data
C:\Users\simti\Desktop\AN 3 SEM 1\POO\proiectGIT\ProiectPOO\BazaDeDate.h(804,1): warning C4267: '=': conversion from 'size_t' to 'int', possible loss of data
C:\Users\simti\Desktop\AN 3 SEM 1\POO\proiectGIT\ProiectPOO\BazaDeDate.h(818,26): warning C4244: '=': conversion from '__int64' to 'int', possible loss of data
C:\Users\simti\Desktop\AN 3 SEM 1\POO\proiectGIT\ProiectPOO\BazaDeDate.h(823,24): warning C4244: '=': conversion from '__int64' to 'int', possible loss of data
C:\Users\simti\Desktop\AN 3 SEM 1\POO\proiectGIT\ProiectPOO\BazaDeDate.h(832,1): warning C4267: 'initializing': conversion from 'size_t' to 'int', possible loss of data
C:\Users\simti\Desktop\AN 3 SEM 1\POO\proiectGIT\ProiectPOO\BazaDeDate.h(843,1): warning C4267: '=': conversion from 'size_t' to 'int', possible loss of data
C:\Users\simti\Desktop\AN 3 SEM 1\POO\proiectGIT\ProiectPOO\BazaDeDate.h(873,23): warning C4244: 'initializing': conversion from '__int64' to 'int', possible loss of data
C:\Users\simti\Desktop\AN 3 SEM 1\POO\proiectGIT\ProiectPOO\BazaDeDate.h(881,23): warning C4244: 'initializing': conversion from '__int64' to 'int', possible loss of data
C:\Users\simti\Desktop\AN 3 SEM 1\POO\proiectGIT\ProiectPOO\BazaDeDate.h(957,1): warning C4267: 'initializing': conversion from 'size_t' to 'int', possible loss of data
C:\Users\simti\Desktop\AN 3 SEM 1\POO\proiectGIT\ProiectPOO\BazaDeDate.h(958,1): warning C4267: 'initializing': conversion from 'size_t' to 'int', possible loss of data
C:\Users\simti\Desktop\AN 3 SEM 1\POO\proiectGIT\ProiectPOO\BazaDeDate.h(968,1): warning C4267: '=': conversion from 'size_t' to 'int', possible loss of data
C:\Users\simti\Desktop\AN 3 SEM 1\POO\proiectGIT\ProiectPOO\BazaDeDate.h(1010,1): warning C4267: 'initializing': conversion from 'size_t' to 'int', possible loss of data
C:\Users\simti\Desktop\AN 3 SEM 1\POO\proiectGIT\ProiectPOO\BazaDeDate.h(1011,1): warning C4267: 'initializing': conversion from 'size_t' to 'int', possible loss of data
C:\Users\simti\Desktop\AN 3 SEM 1\POO\proiectGIT\ProiectPOO\BazaDeDate.h(1021,1): warning C4267: '=': conversion from 'size_t' to 'int', possible loss of data
C:\Users\simti\Desktop\AN 3 SEM 1\POO\proiectGIT\ProiectPOO\BazaDeDate.h(1046,1): warning C4267: 'initializing': conversion from 'size_t' to 'int', possible loss of data
C:\Users\simti\Desktop\AN 3 SEM 1\POO\proiectGIT\ProiectPOO\BazaDeDate.h(1047,1): warning C4267: 'initializing': conversion from 'size_t' to 'int', possible loss of data
C:\Users\simti\Desktop\AN 3 SEM 1\POO\proiectGIT\ProiectPOO\BazaDeDate.h(1068,1): warning C4267: '=': conversion from 'size_t' to 'int', possible loss of data
C:\Users\simti\Desktop\AN 3 SEM 1\POO\proiectGIT\ProiectPOO\BazaDeDate.h(1071,1): warning C4267: '=': conversion from 'size_t' to 'int', possible loss of data
  ProiectPOO.vcxproj -> C:\Users\simti\Desktop\AN 3 SEM 1\POO\proiectGIT\ProiectPOO\x64\Debug\ProiectPOO.exe
